<?xml version="1.0" encoding="UTF-8"?>
<!-- Generated by org.testng.reporters.JUnitXMLReporter -->
<testsuite ignored="0" hostname="LAPTOP-0A7BHQUS" failures="16" tests="45" name="Test" time="26.369" errors="0" timestamp="2022-11-16T23:46:35 AST">
  <testcase classname="com.employee.testCases.TC001_Get_All_Employee" name="checkContentEncoding" time="0.007"/>
  <testcase classname="com.employee.testCases.TC001_Get_All_Employee" name="checkContentLengh" time="0.001">
    <failure type="java.lang.NumberFormatException" message="Cannot parse null string">
      <![CDATA[java.lang.NumberFormatException: Cannot parse null string
at java.base/java.lang.Integer.parseInt(Integer.java:630)
at java.base/java.lang.Integer.parseInt(Integer.java:786)
at com.employee.testCases.TC001_Get_All_Employee.checkContentLengh(TC001_Get_All_Employee.java:125)
at java.base/java.util.ArrayList.forEach(ArrayList.java:1511)
... Removed 27 stack frames]]>
    </failure>
  </testcase> <!-- checkContentLengh -->
  <testcase classname="com.employee.testCases.TC001_Get_All_Employee" name="checkContentType" time="0.001">
    <failure type="org.junit.ComparisonFailure" message="expected:&amp;lt;[application/json]&amp;gt; but was:&amp;lt;[text/html; charset=UTF-8]&amp;gt;">
      <![CDATA[org.junit.ComparisonFailure: expected:<[application/json]> but was:<[text/html; charset=UTF-8]>
at org.junit.Assert.assertEquals(Assert.java:125)
at org.junit.Assert.assertEquals(Assert.java:147)
at com.employee.testCases.TC001_Get_All_Employee.checkContentType(TC001_Get_All_Employee.java:94)
at java.base/java.util.ArrayList.forEach(ArrayList.java:1511)
... Removed 27 stack frames]]>
    </failure>
  </testcase> <!-- checkContentType -->
  <testcase classname="com.employee.testCases.TC001_Get_All_Employee" name="checkCookies" time="0.001"/>
  <testcase classname="com.employee.testCases.TC001_Get_All_Employee" name="checkResponseBody" time="0.011"/>
  <testcase classname="com.employee.testCases.TC001_Get_All_Employee" name="checkResponseTime" time="0.002"/>
  <testcase classname="com.employee.testCases.TC001_Get_All_Employee" name="checkServerType" time="0.001"/>
  <testcase classname="com.employee.testCases.TC001_Get_All_Employee" name="checkStatusCode" time="0.001"/>
  <testcase classname="com.employee.testCases.TC001_Get_All_Employee" name="checkStatusLine" time="0.001"/>
  <testcase classname="com.employee.testCases.TC002_Get_Single_Employees" name="checkContentEncoding" time="0.001">
    <failure type="java.lang.AssertionError" message="expected:&amp;lt;null&amp;gt; but was:&amp;lt;gzip&amp;gt;">
      <![CDATA[java.lang.AssertionError: expected:<null> but was:<gzip>
at org.junit.Assert.fail(Assert.java:93)
at org.junit.Assert.failNotEquals(Assert.java:647)
at org.junit.Assert.assertEquals(Assert.java:128)
at org.junit.Assert.assertEquals(Assert.java:147)
at com.employee.testCases.TC002_Get_Single_Employees.checkContentEncoding(TC002_Get_Single_Employees.java:112)
at java.base/java.util.ArrayList.forEach(ArrayList.java:1511)
... Removed 27 stack frames]]>
    </failure>
  </testcase> <!-- checkContentEncoding -->
  <testcase classname="com.employee.testCases.TC002_Get_Single_Employees" name="checkContentLengh" time="0.001"/>
  <testcase classname="com.employee.testCases.TC002_Get_Single_Employees" name="checkContentType" time="0.001">
    <failure type="org.junit.ComparisonFailure" message="expected:&amp;lt;[application/json]&amp;gt; but was:&amp;lt;[text/html; charset=UTF-8]&amp;gt;">
      <![CDATA[org.junit.ComparisonFailure: expected:<[application/json]> but was:<[text/html; charset=UTF-8]>
at org.junit.Assert.assertEquals(Assert.java:125)
at org.junit.Assert.assertEquals(Assert.java:147)
at com.employee.testCases.TC002_Get_Single_Employees.checkContentType(TC002_Get_Single_Employees.java:92)
at java.base/java.util.ArrayList.forEach(ArrayList.java:1511)
... Removed 27 stack frames]]>
    </failure>
  </testcase> <!-- checkContentType -->
  <testcase classname="com.employee.testCases.TC002_Get_Single_Employees" name="checkCookies" time="0.001"/>
  <testcase classname="com.employee.testCases.TC002_Get_Single_Employees" name="checkResponseBody" time="0.001">
    <failure type="java.lang.AssertionError" message="expected:&amp;lt;false&amp;gt; but was:&amp;lt;true&amp;gt;">
      <![CDATA[java.lang.AssertionError: expected:<false> but was:<true>
at org.junit.Assert.fail(Assert.java:93)
at org.junit.Assert.failNotEquals(Assert.java:647)
at org.junit.Assert.assertEquals(Assert.java:128)
at org.junit.Assert.assertEquals(Assert.java:147)
at com.employee.testCases.TC002_Get_Single_Employees.checkResponseBody(TC002_Get_Single_Employees.java:34)
at java.base/java.util.ArrayList.forEach(ArrayList.java:1511)
... Removed 27 stack frames]]>
    </failure>
  </testcase> <!-- checkResponseBody -->
  <testcase classname="com.employee.testCases.TC002_Get_Single_Employees" name="checkResponseTime" time="0.002"/>
  <testcase classname="com.employee.testCases.TC002_Get_Single_Employees" name="checkServerType" time="0.001"/>
  <testcase classname="com.employee.testCases.TC002_Get_Single_Employees" name="checkStatusCode" time="0.0"/>
  <testcase classname="com.employee.testCases.TC002_Get_Single_Employees" name="checkStatusLine" time="0.0">
    <failure type="org.junit.ComparisonFailure" message="expected:&amp;lt;HTTP/1.1 [404 Not Found]&amp;gt; but was:&amp;lt;HTTP/1.1 [200 OK]&amp;gt;">
      <![CDATA[org.junit.ComparisonFailure: expected:<HTTP/1.1 [404 Not Found]> but was:<HTTP/1.1 [200 OK]>
at org.junit.Assert.assertEquals(Assert.java:125)
at org.junit.Assert.assertEquals(Assert.java:147)
at com.employee.testCases.TC002_Get_Single_Employees.checkStatusLine(TC002_Get_Single_Employees.java:82)
at java.base/java.util.ArrayList.forEach(ArrayList.java:1511)
... Removed 27 stack frames]]>
    </failure>
  </testcase> <!-- checkStatusLine -->
  <testcase classname="com.employee.testCases.TC003_Post_Employee_Recored" name="checkContentEncoding" time="0.001">
    <failure type="java.lang.AssertionError" message="expected:&amp;lt;null&amp;gt; but was:&amp;lt;gzip&amp;gt;">
      <![CDATA[java.lang.AssertionError: expected:<null> but was:<gzip>
at org.junit.Assert.fail(Assert.java:93)
at org.junit.Assert.failNotEquals(Assert.java:647)
at org.junit.Assert.assertEquals(Assert.java:128)
at org.junit.Assert.assertEquals(Assert.java:147)
at com.employee.testCases.TC003_Post_Employee_Recored.checkContentEncoding(TC003_Post_Employee_Recored.java:133)
at java.base/java.util.ArrayList.forEach(ArrayList.java:1511)
... Removed 27 stack frames]]>
    </failure>
  </testcase> <!-- checkContentEncoding -->
  <testcase classname="com.employee.testCases.TC003_Post_Employee_Recored" name="checkContentLengh" time="0.001"/>
  <testcase classname="com.employee.testCases.TC003_Post_Employee_Recored" name="checkContentType" time="0.0">
    <failure type="org.junit.ComparisonFailure" message="expected:&amp;lt;[application/json]&amp;gt; but was:&amp;lt;[text/html; charset=UTF-8]&amp;gt;">
      <![CDATA[org.junit.ComparisonFailure: expected:<[application/json]> but was:<[text/html; charset=UTF-8]>
at org.junit.Assert.assertEquals(Assert.java:125)
at org.junit.Assert.assertEquals(Assert.java:147)
at com.employee.testCases.TC003_Post_Employee_Recored.checkContentType(TC003_Post_Employee_Recored.java:113)
at java.base/java.util.ArrayList.forEach(ArrayList.java:1511)
... Removed 27 stack frames]]>
    </failure>
  </testcase> <!-- checkContentType -->
  <testcase classname="com.employee.testCases.TC003_Post_Employee_Recored" name="checkCookies" time="0.0"/>
  <testcase classname="com.employee.testCases.TC003_Post_Employee_Recored" name="checkResponseBody" time="0.001"/>
  <testcase classname="com.employee.testCases.TC003_Post_Employee_Recored" name="checkResponseTime" time="0.0"/>
  <testcase classname="com.employee.testCases.TC003_Post_Employee_Recored" name="checkServerType" time="0.001">
    <failure type="org.junit.ComparisonFailure" message="expected:&amp;lt;[Apache]&amp;gt; but was:&amp;lt;[nginx/1.21.6]&amp;gt;">
      <![CDATA[org.junit.ComparisonFailure: expected:<[Apache]> but was:<[nginx/1.21.6]>
at org.junit.Assert.assertEquals(Assert.java:125)
at org.junit.Assert.assertEquals(Assert.java:147)
at com.employee.testCases.TC003_Post_Employee_Recored.checkServerType(TC003_Post_Employee_Recored.java:123)
at java.base/java.util.ArrayList.forEach(ArrayList.java:1511)
... Removed 27 stack frames]]>
    </failure>
  </testcase> <!-- checkServerType -->
  <testcase classname="com.employee.testCases.TC003_Post_Employee_Recored" name="checkStatusCode" time="0.002"/>
  <testcase classname="com.employee.testCases.TC003_Post_Employee_Recored" name="checkStatusLine" time="0.001"/>
  <testcase classname="com.employee.testCases.TC004_Put_Employee_Recored" name="checkContentEncoding" time="0.001">
    <failure type="java.lang.AssertionError" message="expected:&amp;lt;null&amp;gt; but was:&amp;lt;gzip&amp;gt;">
      <![CDATA[java.lang.AssertionError: expected:<null> but was:<gzip>
at org.junit.Assert.fail(Assert.java:93)
at org.junit.Assert.failNotEquals(Assert.java:647)
at org.junit.Assert.assertEquals(Assert.java:128)
at org.junit.Assert.assertEquals(Assert.java:147)
at com.employee.testCases.TC004_Put_Employee_Recored.checkContentEncoding(TC004_Put_Employee_Recored.java:133)
at java.base/java.util.ArrayList.forEach(ArrayList.java:1511)
... Removed 27 stack frames]]>
    </failure>
  </testcase> <!-- checkContentEncoding -->
  <testcase classname="com.employee.testCases.TC004_Put_Employee_Recored" name="checkContentLengh" time="0.0"/>
  <testcase classname="com.employee.testCases.TC004_Put_Employee_Recored" name="checkContentType" time="0.0">
    <failure type="org.junit.ComparisonFailure" message="expected:&amp;lt;[application/json]&amp;gt; but was:&amp;lt;[text/html; charset=UTF-8]&amp;gt;">
      <![CDATA[org.junit.ComparisonFailure: expected:<[application/json]> but was:<[text/html; charset=UTF-8]>
at org.junit.Assert.assertEquals(Assert.java:125)
at org.junit.Assert.assertEquals(Assert.java:147)
at com.employee.testCases.TC004_Put_Employee_Recored.checkContentType(TC004_Put_Employee_Recored.java:113)
at java.base/java.util.ArrayList.forEach(ArrayList.java:1511)
... Removed 27 stack frames]]>
    </failure>
  </testcase> <!-- checkContentType -->
  <testcase classname="com.employee.testCases.TC004_Put_Employee_Recored" name="checkCookies" time="0.001"/>
  <testcase classname="com.employee.testCases.TC004_Put_Employee_Recored" name="checkResponseBody" time="0.001"/>
  <testcase classname="com.employee.testCases.TC004_Put_Employee_Recored" name="checkResponseTime" time="0.0"/>
  <testcase classname="com.employee.testCases.TC004_Put_Employee_Recored" name="checkServerType" time="0.0">
    <failure type="org.junit.ComparisonFailure" message="expected:&amp;lt;[Apache]&amp;gt; but was:&amp;lt;[nginx/1.21.6]&amp;gt;">
      <![CDATA[org.junit.ComparisonFailure: expected:<[Apache]> but was:<[nginx/1.21.6]>
at org.junit.Assert.assertEquals(Assert.java:125)
at org.junit.Assert.assertEquals(Assert.java:147)
at com.employee.testCases.TC004_Put_Employee_Recored.checkServerType(TC004_Put_Employee_Recored.java:123)
at java.base/java.util.ArrayList.forEach(ArrayList.java:1511)
... Removed 27 stack frames]]>
    </failure>
  </testcase> <!-- checkServerType -->
  <testcase classname="com.employee.testCases.TC004_Put_Employee_Recored" name="checkStatusCode" time="0.001"/>
  <testcase classname="com.employee.testCases.TC004_Put_Employee_Recored" name="checkStatusLine" time="0.001"/>
  <testcase classname="com.employee.testCases.TC005_Delete_Employee_Recored" name="checkContentEncoding" time="0.002">
    <failure type="java.lang.AssertionError" message="expected:&amp;lt;null&amp;gt; but was:&amp;lt;gzip&amp;gt;">
      <![CDATA[java.lang.AssertionError: expected:<null> but was:<gzip>
at org.junit.Assert.fail(Assert.java:93)
at org.junit.Assert.failNotEquals(Assert.java:647)
at org.junit.Assert.assertEquals(Assert.java:128)
at org.junit.Assert.assertEquals(Assert.java:147)
at com.employee.testCases.TC005_Delete_Employee_Recored.checkContentEncoding(TC005_Delete_Employee_Recored.java:125)
at java.base/java.util.ArrayList.forEach(ArrayList.java:1511)
... Removed 27 stack frames]]>
    </failure>
  </testcase> <!-- checkContentEncoding -->
  <testcase classname="com.employee.testCases.TC005_Delete_Employee_Recored" name="checkContentLengh" time="0.003"/>
  <testcase classname="com.employee.testCases.TC005_Delete_Employee_Recored" name="checkContentType" time="0.001"/>
  <testcase classname="com.employee.testCases.TC005_Delete_Employee_Recored" name="checkCookies" time="0.001"/>
  <testcase classname="com.employee.testCases.TC005_Delete_Employee_Recored" name="checkResponseBody" time="0.004">
    <failure type="java.lang.AssertionError" message="expected:&amp;lt;false&amp;gt; but was:&amp;lt;true&amp;gt;">
      <![CDATA[java.lang.AssertionError: expected:<false> but was:<true>
at org.junit.Assert.fail(Assert.java:93)
at org.junit.Assert.failNotEquals(Assert.java:647)
at org.junit.Assert.assertEquals(Assert.java:128)
at org.junit.Assert.assertEquals(Assert.java:147)
at com.employee.testCases.TC005_Delete_Employee_Recored.checkResponseBody(TC005_Delete_Employee_Recored.java:47)
at java.base/java.util.ArrayList.forEach(ArrayList.java:1511)
... Removed 27 stack frames]]>
    </failure>
  </testcase> <!-- checkResponseBody -->
  <testcase classname="com.employee.testCases.TC005_Delete_Employee_Recored" name="checkResponseTime" time="0.002"/>
  <testcase classname="com.employee.testCases.TC005_Delete_Employee_Recored" name="checkServerType" time="0.0">
    <failure type="org.junit.ComparisonFailure" message="expected:&amp;lt;[Apache]&amp;gt; but was:&amp;lt;[nginx/1.21.6]&amp;gt;">
      <![CDATA[org.junit.ComparisonFailure: expected:<[Apache]> but was:<[nginx/1.21.6]>
at org.junit.Assert.assertEquals(Assert.java:125)
at org.junit.Assert.assertEquals(Assert.java:147)
at com.employee.testCases.TC005_Delete_Employee_Recored.checkServerType(TC005_Delete_Employee_Recored.java:115)
at java.base/java.util.ArrayList.forEach(ArrayList.java:1511)
... Removed 27 stack frames]]>
    </failure>
  </testcase> <!-- checkServerType -->
  <testcase classname="com.employee.testCases.TC005_Delete_Employee_Recored" name="checkStatusCode" time="0.001"/>
  <testcase classname="com.employee.testCases.TC005_Delete_Employee_Recored" name="checkStatusLine" time="0.001">
    <failure type="org.junit.ComparisonFailure" message="expected:&amp;lt;HTTP/1.1 [405 Method Not Allowed]&amp;gt; but was:&amp;lt;HTTP/1.1 [200 OK]&amp;gt;">
      <![CDATA[org.junit.ComparisonFailure: expected:<HTTP/1.1 [405 Method Not Allowed]> but was:<HTTP/1.1 [200 OK]>
at org.junit.Assert.assertEquals(Assert.java:125)
at org.junit.Assert.assertEquals(Assert.java:147)
at com.employee.testCases.TC005_Delete_Employee_Recored.checkStatusLine(TC005_Delete_Employee_Recored.java:95)
at java.base/java.util.ArrayList.forEach(ArrayList.java:1511)
... Removed 27 stack frames]]>
    </failure>
  </testcase> <!-- checkStatusLine -->
</testsuite> <!-- Test -->
